<?xml version="1.0" encoding="UTF-8"?>
<testsuite xmlns:xsi="http://www.w3.org/2001/XMLSchema-instance" xsi:noNamespaceSchemaLocation="https://maven.apache.org/surefire/maven-surefire-plugin/xsd/surefire-test-report.xsd" name="rest.LoginEndpointTest" time="23.558" tests="10" errors="0" skipped="0" failures="0">
  <properties>
[...]
</properties>
  <testcase name="testAutorizedAdminCannotAccesUserPage" classname="rest.LoginEndpointTest" time="4.138"/>
  <testcase name="testRestForMultiRole1" classname="rest.LoginEndpointTest" time="1.014"/>
  <testcase name="testRestForMultiRole2" classname="rest.LoginEndpointTest" time="1.135"/>
  <testcase name="adminNotAuthenticated" classname="rest.LoginEndpointTest" time="0.66"/>
  <testcase name="testAutorizedUserCannotAccesAdminPage" classname="rest.LoginEndpointTest" time="0.837"/>
  <testcase name="testRestNoAuthenticationRequired" classname="rest.LoginEndpointTest" time="0.977"/>
  <testcase name="userNotAuthenticated" classname="rest.LoginEndpointTest" time="0.421"/>
  <testcase name="testRestForUser" classname="rest.LoginEndpointTest" time="0.625"/>
  <testcase name="testRestForAdmin" classname="rest.LoginEndpointTest" time="0.685"/>
  <testcase name="serverIsRunning" classname="rest.LoginEndpointTest" time="0.4"/>
</testsuite>